This is TeX, Version 3.141592653 (TeX Live 2024) (preloaded format=tex 2024.7.25)  10 SEP 2024 02:50
**listingsutf8.dtx
(./listingsutf8.dtx
(/usr/local/texlive/2024basic/texmf-dist/tex/latex/base/docstrip.tex
\blockLevel=\count26
\emptyLines=\count27
\processedLines=\count28
\commentsRemoved=\count29
\commentsPassed=\count30
\codeLinesPassed=\count31
\TotalprocessedLines=\count32
\TotalcommentsRemoved=\count33
\TotalcommentsPassed=\count34
\TotalcodeLinesPassed=\count35
\NumberOfFiles=\count36
\inFile=\read0
\inputcheck=\read1
\@tempcnta=\count37
\off@0=\count38
\off@1=\count39
\off@2=\count40
\off@3=\count41
\off@4=\count42
\off@5=\count43
\off@6=\count44
\off@7=\count45
\off@8=\count46
\off@9=\count47
\off@10=\count48
\off@11=\count49
\off@12=\count50
\off@13=\count51
\off@14=\count52
\off@15=\count53
\@temptokena=\toks12
\@maxfiles=\count54
\@maxoutfiles=\count55

Utility: `docstrip' v2.6b <2022-09-03>
English documentation    <2023-10-10>

**********************************************************
* This program converts documented macro-files into fast *
* loadable files by stripping off (nearly) all comments! *
**********************************************************

********************************************************
* No Configuration file found, using default settings. *
********************************************************

)
************************************************************************
* Installation
* Package: listingsutf8 2019-12-10 v1.5 Allow UTF-8 in listings input (HO)
************************************************************************

Generating file(s) listingsutf8.ins listingsutf8.drv listingsutf8.sty 

Processing file listingsutf8.dtx (install) -> listingsutf8.ins
                                 (driver) -> listingsutf8.drv
                                 (package) -> listingsutf8.sty
File listingsutf8.dtx ended by \endinput.
Lines  processed: 674
Comments removed: 426
Comments  passed: 1
Codelines passed: 237

************************************************************************
*
* To finish the installation you have to move the following
* file into a directory searched by TeX:
*
*     listingsutf8.sty
*
* To produce the documentation run the file `listingsutf8.drv'
* through LaTeX.
*
* Happy TeXing!
*
************************************************************************
 )
No pages of output.
